<?xml version="1.0" encoding="UTF-8"?>
<testng-results skipped="0" failed="0" total="1" passed="1">
  <reporter-output>
  </reporter-output>
  <suite name="Suite" duration-ms="17509" started-at="2016-07-17T12:42:04Z" finished-at="2016-07-17T12:42:21Z">
    <groups>
    </groups>
    <test name="Test" duration-ms="17509" started-at="2016-07-17T12:42:04Z" finished-at="2016-07-17T12:42:21Z">
      <class name="hello.NewTest">
        <test-method status="PASS" signature="setUp()[pri:0, instance:hello.NewTest@7b737117]" name="setUp" is-config="true" duration-ms="9230" started-at="2016-07-17T20:42:04Z" finished-at="2016-07-17T20:42:13Z">
          <reporter-output>
          </reporter-output>
        </test-method> <!-- setUp -->
        <test-method status="PASS" signature="g()[pri:0, instance:hello.NewTest@7b737117]" name="g" duration-ms="7805" started-at="2016-07-17T20:42:13Z" finished-at="2016-07-17T20:42:21Z">
          <reporter-output>
          </reporter-output>
        </test-method> <!-- g -->
        <test-method status="PASS" signature="tearDown()[pri:0, instance:hello.NewTest@7b737117]" name="tearDown" is-config="true" duration-ms="460" started-at="2016-07-17T20:42:21Z" finished-at="2016-07-17T20:42:21Z">
          <reporter-output>
          </reporter-output>
        </test-method> <!-- tearDown -->
      </class> <!-- hello.NewTest -->
    </test> <!-- Test -->
  </suite> <!-- Suite -->
</testng-results>
